<?xml version="1.0" encoding="UTF-8"?>
<testsuite name="com.tw.LengthTest" tests="2" skipped="0" failures="0" errors="0" timestamp="2022-07-05T18:59:02" hostname="LAPTOP-N34MENE0" time="0.051">
  <properties/>
  <testcase name="shouldCheckEqualityWhenTwoCentimeterIsComparedWithOneCentimeter()" classname="com.tw.LengthTest" time="0.049"/>
  <testcase name="shouldCheckEqualityWhenOneCentimeterIsComparedWithOneCentimeter()" classname="com.tw.LengthTest" time="0.001"/>
  <system-out><![CDATA[]]></system-out>
  <system-err><![CDATA[]]></system-err>
</testsuite>
